[0.651s] Invoking command in '/home/admin123/Development/G60Pro/Arm_Vision/Vision/ros2_ws/src/arm_vision': PYTHONPATH=/home/admin123/Development/G60Pro/Arm_Vision/Vision/ros2_ws/build/arm_vision/prefix_override:/usr/lib/python3/dist-packages/colcon_core/task/python/colcon_distutils_commands:/home/admin123/Development/G60Pro/Arm_Vision/Vision/ros2_ws/install/arm_vision/lib/python3.10/site-packages:${PYTHONPATH} /usr/bin/python3 -W ignore:setup.py install is deprecated -W ignore:easy_install command is deprecated setup.py egg_info --egg-base ../ros2_ws/build/arm_vision build --build-base /home/admin123/Development/G60Pro/Arm_Vision/Vision/ros2_ws/build/arm_vision/build install --record /home/admin123/Development/G60Pro/Arm_Vision/Vision/ros2_ws/build/arm_vision/install.log --single-version-externally-managed install_data
[0.899s] running egg_info
[0.900s] writing ../ros2_ws/build/arm_vision/arm_vision.egg-info/PKG-INFO
[0.900s] writing dependency_links to ../ros2_ws/build/arm_vision/arm_vision.egg-info/dependency_links.txt
[0.900s] writing entry points to ../ros2_ws/build/arm_vision/arm_vision.egg-info/entry_points.txt
[0.900s] writing requirements to ../ros2_ws/build/arm_vision/arm_vision.egg-info/requires.txt
[0.900s] writing top-level names to ../ros2_ws/build/arm_vision/arm_vision.egg-info/top_level.txt
[0.902s] reading manifest file '../ros2_ws/build/arm_vision/arm_vision.egg-info/SOURCES.txt'
[0.903s] writing manifest file '../ros2_ws/build/arm_vision/arm_vision.egg-info/SOURCES.txt'
[0.903s] running build
[0.904s] running build_py
[0.904s] running install
[0.904s] running install_lib
[0.906s] running install_data
[0.906s] running install_egg_info
[0.908s] removing '/home/admin123/Development/G60Pro/Arm_Vision/Vision/ros2_ws/install/arm_vision/lib/python3.10/site-packages/arm_vision-1.0.0-py3.10.egg-info' (and everything under it)
[0.908s] Copying ../ros2_ws/build/arm_vision/arm_vision.egg-info to /home/admin123/Development/G60Pro/Arm_Vision/Vision/ros2_ws/install/arm_vision/lib/python3.10/site-packages/arm_vision-1.0.0-py3.10.egg-info
[0.910s] running install_scripts
[0.932s] Installing icp_node script to /home/admin123/Development/G60Pro/Arm_Vision/Vision/ros2_ws/install/arm_vision/bin
[0.932s] Installing vision_node script to /home/admin123/Development/G60Pro/Arm_Vision/Vision/ros2_ws/install/arm_vision/bin
[0.933s] writing list of installed files to '/home/admin123/Development/G60Pro/Arm_Vision/Vision/ros2_ws/build/arm_vision/install.log'
[0.958s] Invoked command in '/home/admin123/Development/G60Pro/Arm_Vision/Vision/ros2_ws/src/arm_vision' returned '0': PYTHONPATH=/home/admin123/Development/G60Pro/Arm_Vision/Vision/ros2_ws/build/arm_vision/prefix_override:/usr/lib/python3/dist-packages/colcon_core/task/python/colcon_distutils_commands:/home/admin123/Development/G60Pro/Arm_Vision/Vision/ros2_ws/install/arm_vision/lib/python3.10/site-packages:${PYTHONPATH} /usr/bin/python3 -W ignore:setup.py install is deprecated -W ignore:easy_install command is deprecated setup.py egg_info --egg-base ../ros2_ws/build/arm_vision build --build-base /home/admin123/Development/G60Pro/Arm_Vision/Vision/ros2_ws/build/arm_vision/build install --record /home/admin123/Development/G60Pro/Arm_Vision/Vision/ros2_ws/build/arm_vision/install.log --single-version-externally-managed install_data
