2026-04-15 13:11:03.670 INFO  [759603] [loggerInit@18] **********************************************
2026-04-15 13:11:03.670 INFO  [759603] [loggerInit@19]  OrbbecViewer launched! Welcome!! 
2026-04-15 13:11:03.670 INFO  [759603] [loggerInit@20]  	- Version: V1.10.35
2026-04-15 13:11:03.670 INFO  [759603] [loggerInit@21]  	- Author: 
2026-04-15 13:11:03.670 INFO  [759603] [loggerInit@22]  	- E-Mail: 
2026-04-15 13:11:03.670 INFO  [759603] [loggerInit@23]  	- Company: orbbec
2026-04-15 13:11:03.670 INFO  [759603] [loggerInit@24]  	- Website: http://www.orbbec.com.cn/
2026-04-15 13:11:03.670 INFO  [759603] [loggerInit@25] **********************************************
2026-04-15 13:11:25.693 DEBUG [759661] [CurlUtil::getTokenByPost@728] curl_easy_perform() failed: Couldn't resolve host name
2026-04-15 13:11:25.693 DEBUG [759661] [CurlUtil::getToolUrlByGet@620] get token failed!
2026-04-15 13:12:12.019 ERROR [759603] [OBSensorServer::addNetDevice@460] function:createNetDevice
args:address:1, port
message:Create vendor command failed! Device no response or bad connection.
type:0

2026-04-15 13:13:04.822 DEBUG [760574] [OBSensorServer::OBSensorServer@67] device added:DaBai DCW2-uid:1-1.1-42
2026-04-15 13:13:04.939 ERROR [759603] [OBDeviceExt::OBDeviceExt@33] Device is disconnect!
2026-04-15 13:13:04.939 DEBUG [759603] [FrameFilterManager::FrameFilterManager@13] filter name:ThresholdFilter enable:0
2026-04-15 13:13:04.957 ERROR [759603] [D2CPipeline::setSync@1225] enable frame sync failed!
2026-04-15 13:13:06.940 INFO  [760576] [PropertyManager::syncProperty@442] sync property: 0@Flash write protection -> 1, range: 0 - 1, default: 1
2026-04-15 13:13:06.940 INFO  [760578] [PropertyManager::syncProperty@442] sync property: 18@IR Mirror -> 0, range: 0 - 1, default: 0
2026-04-15 13:13:06.942 INFO  [760576] [PropertyManager::syncProperty@442] sync property: 2@LDP enable -> 0, range: 0 - 1, default: 1
2026-04-15 13:13:06.943 INFO  [760576] [PropertyManager::syncProperty@442] sync property: 3@Laser emitter enable -> 0, range: 0 - 1, default: 1
2026-04-15 13:13:06.944 INFO  [760578] [PropertyManager::syncProperty@442] sync property: 2025@IR Sensor Auto Exposure -> 1, range: 0 - 1, default: 1
2026-04-15 13:13:06.945 INFO  [760578] [PropertyManager::syncProperty@449] sync property: 2026@IR Sensor Exposure -> 3000, range: 0 - 10000, default: 3000
2026-04-15 13:13:06.945 INFO  [760578] [PropertyManager::syncProperty@449] sync property: 2027@IR Sensor Gain -> 2000, range: 0 - 9999, default: 2000
2026-04-15 13:13:06.946 INFO  [760578] [PropertyManager::read@566] read property: 2026@IR Sensor Exposure -> 3000
2026-04-15 13:13:06.947 INFO  [760578] [PropertyManager::syncProperty@449] sync property: 2026@IR Sensor Exposure -> 3000, range: 0 - 10000, default: 3000
2026-04-15 13:13:06.947 INFO  [760578] [PropertyManager::read@566] read property: 2027@IR Sensor Gain -> 2000
2026-04-15 13:13:06.948 INFO  [760578] [PropertyManager::syncProperty@449] sync property: 2027@IR Sensor Gain -> 2000, range: 0 - 9999, default: 2000
2026-04-15 13:13:06.948 INFO  [760578] [OBSensorExt::syncPropertiesFunc@1122] OBSensorExt sync all properties finish.
2026-04-15 13:13:06.950 INFO  [760576] [PropertyManager::syncProperty@442] sync property: 8@Temperature compensation enable -> 1, range: 0 - 1, default: 1
2026-04-15 13:13:06.950 INFO  [760576] [PropertyManager::syncProperty@442] sync property: 14@Mirror Depth Stream -> 0, range: 0 - 1, default: 1
2026-04-15 13:13:06.951 INFO  [760585] [PropertyManager::syncProperty@442] sync property: 81@Mirror RGB Stream -> 0, range: 0 - 1, default: 0
2026-04-15 13:13:06.951 INFO  [760576] [PropertyManager::syncProperty@442] sync property: 17@HoleFilter -> 1, range: 0 - 1, default: 1
2026-04-15 13:13:06.951 INFO  [760576] [PropertyManager::syncProperty@442] sync property: 18@IR Mirror -> 0, range: 0 - 1, default: 0
2026-04-15 13:13:06.951 INFO  [760576] [PropertyManager::syncProperty@449] sync property: 22@Depth threshold min -> 0, range: 0 - 15000, default: 0
2026-04-15 13:13:06.951 INFO  [760576] [PropertyManager::syncProperty@449] sync property: 23@Depth threshold max -> 10000, range: 0 - 15000, default: 10000
2026-04-15 13:13:06.951 INFO  [760576] [PropertyManager::syncProperty@442] sync property: 24@Depth soft filter -> 1, range: 0 - 1, default: 1
2026-04-15 13:13:06.953 INFO  [760576] [PropertyManager::syncProperty@442] sync property: 32@LDP Status -> 0, range: 0 - 1, default: 1
2026-04-15 13:13:06.953 INFO  [760576] [PropertyManager::syncProperty@449] sync property: 40@Max Diff -> 6, range: 1 - 10000, default: 6
2026-04-15 13:13:06.953 INFO  [760576] [PropertyManager::syncProperty@449] sync property: 41@Max Speckle Size -> 50, range: 1 - 1000, default: 50
2026-04-15 13:13:06.953 INFO  [760576] [PropertyManager::syncProperty@442] sync property: 42@Hardware D2C -> 0, range: 0 - 1, default: 1
2026-04-15 13:13:06.953 INFO  [760585] [PropertyManager::syncProperty@442] sync property: 2000@Color Sensor Auto Exposure -> 1, range: 0 - 1, default: 1
2026-04-15 13:13:06.954 INFO  [760585] [PropertyManager::syncProperty@449] sync property: 2001@Color Sensor Exposure -> 100, range: 1 - 5000, default: 157
2026-04-15 13:13:06.955 INFO  [760585] [PropertyManager::syncProperty@449] sync property: 2002@Color Sensor Gain -> 0, range: 0 - 100, default: 0
2026-04-15 13:13:06.956 INFO  [760585] [PropertyManager::syncProperty@449] sync property: 2005@UVC image brightness -> 0, range: -64 - 64, default: 0
2026-04-15 13:13:06.957 INFO  [760585] [PropertyManager::syncProperty@449] sync property: 2006@UVC image sharpness setting -> 3, range: 0 - 6, default: 3
2026-04-15 13:13:06.958 INFO  [760585] [PropertyManager::syncProperty@449] sync property: 2008@UVC image saturation setting -> 64, range: 0 - 128, default: 64
2026-04-15 13:13:06.959 INFO  [760585] [PropertyManager::syncProperty@449] sync property: 2009@UVC image contrast setting -> 32, range: 0 - 64, default: 32
2026-04-15 13:13:06.959 INFO  [760585] [PropertyManager::syncProperty@449] sync property: 2010@UVC image gamma setting -> 100, range: 72 - 500, default: 100
2026-04-15 13:13:06.960 INFO  [760585] [PropertyManager::syncProperty@449] sync property: 2012@Auto Exposure Priority -> 0, range: 0 - 1, default: 0
2026-04-15 13:13:06.961 INFO  [760585] [PropertyManager::syncProperty@449] sync property: 2013@Backlight Compensation -> 1, range: 0 - 2, default: 1
2026-04-15 13:13:06.961 INFO  [760585] [PropertyManager::syncProperty@449] sync property: 2015@Power Line Frequency -> 1, range: 0 - 2, default: 1
2026-04-15 13:13:06.962 INFO  [760585] [PropertyManager::read@566] read property: 2001@Color Sensor Exposure -> 100
2026-04-15 13:13:06.963 INFO  [760585] [PropertyManager::syncProperty@449] sync property: 2001@Color Sensor Exposure -> 100, range: 1 - 5000, default: 157
2026-04-15 13:13:06.963 INFO  [760585] [PropertyManager::read@566] read property: 2005@UVC image brightness -> 0
2026-04-15 13:13:06.964 INFO  [760585] [PropertyManager::syncProperty@449] sync property: 2005@UVC image brightness -> 0, range: -64 - 64, default: 0
2026-04-15 13:13:06.964 INFO  [760585] [PropertyManager::read@566] read property: 2002@Color Sensor Gain -> 0
2026-04-15 13:13:06.965 INFO  [760585] [PropertyManager::syncProperty@449] sync property: 2002@Color Sensor Gain -> 0, range: 0 - 100, default: 0
2026-04-15 13:13:06.965 INFO  [760585] [OBSensorExt::syncPropertiesFunc@1122] OBSensorExt sync all properties finish.
2026-04-15 13:13:06.965 INFO  [760586] [PropertyManager::syncProperty@442] sync property: 14@Mirror Depth Stream -> 0, range: 0 - 1, default: 1
2026-04-15 13:13:06.966 INFO  [760586] [PropertyManager::syncProperty@442] sync property: 2016@Depth Sensor Auto Exposure -> 1, range: 0 - 1, default: 1
2026-04-15 13:13:06.966 INFO  [760586] [PropertyManager::syncProperty@449] sync property: 2017@Depth Sensor Exposure -> 3000, range: 0 - 10000, default: 3000
2026-04-15 13:13:06.967 INFO  [760586] [PropertyManager::syncProperty@449] sync property: 2018@Depth Sensor Gain -> 2000, range: 0 - 9999, default: 2000
2026-04-15 13:13:06.968 INFO  [760586] [PropertyManager::read@566] read property: 2017@Depth Sensor Exposure -> 3000
2026-04-15 13:13:06.968 INFO  [760586] [PropertyManager::syncProperty@449] sync property: 2017@Depth Sensor Exposure -> 3000, range: 0 - 10000, default: 3000
2026-04-15 13:13:06.969 INFO  [760586] [PropertyManager::read@566] read property: 2018@Depth Sensor Gain -> 2000
2026-04-15 13:13:06.970 INFO  [760586] [PropertyManager::syncProperty@449] sync property: 2018@Depth Sensor Gain -> 2000, range: 0 - 9999, default: 2000
2026-04-15 13:13:06.970 INFO  [760586] [OBSensorExt::syncPropertiesFunc@1122] OBSensorExt sync all properties finish.
2026-04-15 13:13:06.970 INFO  [760576] [PropertyManager::syncProperty@449] sync property: 75@Depth Precision Level -> 0, range: 0 - 6, default: 0
2026-04-15 13:13:06.971 INFO  [760576] [PropertyManager::syncProperty@442] sync property: 81@Mirror RGB Stream -> 0, range: 0 - 1, default: 0
2026-04-15 13:13:06.971 INFO  [760576] [PropertyManager::syncProperty@449] sync property: 99@Laser Energy Level Control -> 1, range: 0 - 1, default: 0
2026-04-15 13:13:06.973 INFO  [760576] [PropertyManager::syncProperty@449] sync property: 100@LDP Measure Distance -> 0, range: 1543629313 - 0, default: 321941984
2026-04-15 13:13:06.974 INFO  [760576] [PropertyManager::syncProperty@449] sync property: 119@Laser Energy Actual Level -> 1, range: 1543629313 - 0, default: 321941984
2026-04-15 13:13:07.075 INFO  [760576] [OBDeviceExt::OBDeviceExt@116] OBDeviceExt sync all properties finish.
2026-04-15 13:13:13.754 INFO  [759603] [OBSensorExt::startStream@846] startStream@Color, witdh=640, height=480, fps=15, format=MJPEG
2026-04-15 13:13:14.293 INFO  [760640] [OBSensorExt::newFrameCallback@61] First frame of Color received: timestamp=204371016, systemTimestamp=1776229994293
2026-04-15 13:13:14.312 INFO  [759603] [ImageSensorMonitorWidget::drawContent@173] Color create texture id:17
2026-04-15 13:13:17.075 DEBUG [760659] [OBSensorServer::OBSensorServer@58] device removed:DaBai DCW2-uid:1-1.1-42
2026-04-15 13:13:17.085 INFO  [759603] [OBSensorExt::stopStream@870] stopStream@Color
2026-04-15 13:13:25.057 DEBUG [760588] [CurlUtil::getTokenByPost@728] curl_easy_perform() failed: Couldn't resolve host name
2026-04-15 13:13:25.058 DEBUG [760588] [CurlUtil::getFirmwareUrlByGet@547] get token failed!
2026-04-15 15:33:44.939 ERROR [759603] [OBSensorServer::addNetDevice@460] function:createNetDevice
args:address:1, port
message:Create vendor command failed! Device no response or bad connection.
type:0

