/home/admin123/Development/G60Pro/Arm_Vision/Vision/ros2_ws/install/arm_vision/lib/python3.10/site-packages/arm_vision/vision_node.py
/home/admin123/Development/G60Pro/Arm_Vision/Vision/ros2_ws/install/arm_vision/lib/python3.10/site-packages/arm_vision/utils.py
/home/admin123/Development/G60Pro/Arm_Vision/Vision/ros2_ws/install/arm_vision/lib/python3.10/site-packages/arm_vision/icp_node.py
/home/admin123/Development/G60Pro/Arm_Vision/Vision/ros2_ws/install/arm_vision/lib/python3.10/site-packages/arm_vision/__init__.py
/home/admin123/Development/G60Pro/Arm_Vision/Vision/ros2_ws/install/arm_vision/lib/python3.10/site-packages/arm_vision/__pycache__/vision_node.cpython-310.pyc
/home/admin123/Development/G60Pro/Arm_Vision/Vision/ros2_ws/install/arm_vision/lib/python3.10/site-packages/arm_vision/__pycache__/utils.cpython-310.pyc
/home/admin123/Development/G60Pro/Arm_Vision/Vision/ros2_ws/install/arm_vision/lib/python3.10/site-packages/arm_vision/__pycache__/icp_node.cpython-310.pyc
/home/admin123/Development/G60Pro/Arm_Vision/Vision/ros2_ws/install/arm_vision/lib/python3.10/site-packages/arm_vision/__pycache__/__init__.cpython-310.pyc
/home/admin123/Development/G60Pro/Arm_Vision/Vision/ros2_ws/install/arm_vision/share/ament_index/resource_index/packages/arm_vision
/home/admin123/Development/G60Pro/Arm_Vision/Vision/ros2_ws/install/arm_vision/share/arm_vision/package.xml
/home/admin123/Development/G60Pro/Arm_Vision/Vision/ros2_ws/install/arm_vision/share/arm_vision/launch/arm_vision.launch.py
/home/admin123/Development/G60Pro/Arm_Vision/Vision/ros2_ws/install/arm_vision/lib/python3.10/site-packages/arm_vision-1.0.0-py3.10.egg-info/dependency_links.txt
/home/admin123/Development/G60Pro/Arm_Vision/Vision/ros2_ws/install/arm_vision/lib/python3.10/site-packages/arm_vision-1.0.0-py3.10.egg-info/zip-safe
/home/admin123/Development/G60Pro/Arm_Vision/Vision/ros2_ws/install/arm_vision/lib/python3.10/site-packages/arm_vision-1.0.0-py3.10.egg-info/entry_points.txt
/home/admin123/Development/G60Pro/Arm_Vision/Vision/ros2_ws/install/arm_vision/lib/python3.10/site-packages/arm_vision-1.0.0-py3.10.egg-info/top_level.txt
/home/admin123/Development/G60Pro/Arm_Vision/Vision/ros2_ws/install/arm_vision/lib/python3.10/site-packages/arm_vision-1.0.0-py3.10.egg-info/SOURCES.txt
/home/admin123/Development/G60Pro/Arm_Vision/Vision/ros2_ws/install/arm_vision/lib/python3.10/site-packages/arm_vision-1.0.0-py3.10.egg-info/PKG-INFO
/home/admin123/Development/G60Pro/Arm_Vision/Vision/ros2_ws/install/arm_vision/lib/python3.10/site-packages/arm_vision-1.0.0-py3.10.egg-info/requires.txt
/home/admin123/Development/G60Pro/Arm_Vision/Vision/ros2_ws/install/arm_vision/bin/icp_node
/home/admin123/Development/G60Pro/Arm_Vision/Vision/ros2_ws/install/arm_vision/bin/vision_node
